v2/android/client/proguard-rules.pro
-allowaccessmodification
-repackageclasses g
-renamesourcefileattribute SourceFile
-keepattributes *Annotation*,Signature,InnerClasses,EnclosingMethod
-keep public class * extends android.app.Activity
-dontwarn org.json.**