v2/android/client/build/outputs/mapping/release/seeds.txt
com.jinli.ggsecure.MainActivity
com.jinli.ggsecure.MainActivity: MainActivity()
...
org.chromium.support_lib_boundary.WebViewProviderBoundaryInterface
org.chromium.support_lib_boundary.DropDataContentProviderBoundaryInterface
android.support.v4.app.RemoteActionCompatParcelizer
org.chromium.support_lib_boundary.SpeculativeLoadingParametersBoundaryInterface
org.chromium.support_lib_boundary.PrefetchOperationCallbackBoundaryInterface$PrefetchExceptionTypeBoundaryInterface
org.chromium.support_lib_boundary.WebkitToCompatConverterBoundaryInterface
org.chromium.support_lib_boundary.ProcessGlobalConfigConstants$ProcessGlobalConfigMapKey
org.chromium.support_lib_boundary.WebViewStartUpConfigBoundaryInterface
org.chromium.support_lib_boundary.WebSettingsBoundaryInterface$SpeculativeLoadingStatus
androidx.lifecycle.SingleGeneratedAdapterObserver
org.chromium.support_lib_boundary.WebViewProviderFactoryBoundaryInterface$StartupErrorType
androidx.core.app.CoreComponentFactory
org.chromium.support_lib_boundary.WebViewBackForwardCacheSettingsBoundaryInterface
org.chromium.support_lib_boundary.WebViewBuilderBoundaryInterface
org.chromium.support_lib_boundary.ExecuteJavaScriptCallbackBoundaryInterface$ExecuteJavaScriptExceptionTypeBoundaryInterface
org.chromium.support_lib_boundary.VisualStateCallbackBoundaryInterface
org.chromium.support_lib_boundary.NoVarySearchDataBoundaryInterface
androidx.core.graphics.drawable.IconCompat
org.chromium.support_lib_boundary.WebViewStartUpResultBoundaryInterface
androidx.lifecycle.CompositeGeneratedAdaptersObserver
org.chromium.support_lib_boundary.WebSettingsBoundaryInterface$HyperlinkContextMenuItems
org.chromium.support_lib_boundary.ProcessGlobalConfigConstants
org.chromium.support_lib_boundary.SafeBrowsingResponseBoundaryInterface
android.support.v4.graphics.drawable.IconCompatParcelizer
org.chromium.support_lib_boundary.WebSettingsBoundaryInterface$ForceDarkBehavior
org.chromium.support_lib_boundary.IsomorphicObjectBoundaryInterface
androidx.versionedparcelable.CustomVersionedParcelable
org.chromium.support_lib_boundary.ServiceWorkerClientBoundaryInterface
org.chromium.support_lib_boundary.WebMessagePayloadBoundaryInterface$WebMessagePayloadType
org.chromium.support_lib_boundary.WebViewProviderFactoryBoundaryInterface
androidx.annotation.Keep
org.chromium.support_lib_boundary.ProxyControllerBoundaryInterface
org.chromium.support_lib_boundary.OriginMatchedHeaderBoundaryInterface
org.chromium.support_lib_boundary.JsReplyProxyBoundaryInterface
org.chromium.support_lib_boundary.WebSettingsBoundaryInterface$AttributionBehavior
androidx.core.app.ComponentActivity
org.chromium.support_lib_boundary.WebViewNavigationListenerBoundaryInterface
org.chromium.support_lib_boundary.SpeculativeLoadingConfigBoundaryInterface
androidx.lifecycle.ReflectiveGenericLifecycleObserver
org.chromium.support_lib_boundary.WebViewBuilderBoundaryInterface$ConfigField
org.chromium.support_lib_boundary.WebViewNavigationClientBoundaryInterface
org.chromium.support_lib_boundary.WebViewRendererClientBoundaryInterface
org.chromium.support_lib_boundary.WebSettingsBoundaryInterface$WebauthnSupport
org.chromium.support_lib_boundary.WebViewRendererBoundaryInterface
org.chromium.support_lib_boundary.WebMessagePayloadBoundaryInterface
org.chromium.support_lib_boundary.WebViewProviderBoundaryInterface$JavaScriptInjectionTime
androidx.core.app.RemoteActionCompatParcelizer
org.chromium.support_lib_boundary.WebResourceErrorBoundaryInterface
org.chromium.support_lib_boundary.StaticsBoundaryInterface
org.chromium.support_lib_boundary.WebViewCookieManagerBoundaryInterface
org.chromium.support_lib_boundary.WebSettingsBoundaryInterface$WebViewMediaIntegrityApiStatus
androidx.core.graphics.drawable.IconCompatParcelizer
org.chromium.support_lib_boundary.ServiceWorkerWebSettingsBoundaryInterface
org.chromium.support_lib_boundary.FeatureFlagHolderBoundaryInterface
org.chromium.support_lib_boundary.WebViewBuilderBoundaryInterface$Baseline
org.chromium.support_lib_boundary.WebViewProviderFactoryBoundaryInterface$StartUpConfigField