v2/android/client/build/outputs/mapping/release/mapping.txt
# compiler: R8
# compiler_version: 8.9.35
# min_api: 24
# common_typos_disable
# {"id":"com.android.tools.r8.mapping","version":"2.2"}
# pg_map_id: 292e08a
# pg_map_hash: SHA-256 292e08a18a96a6a2f1ba8f7bbd49a4423d89e9d4150c09c0bc310e6db0ca2bd6
com.jinli.ggsecure.DeviceIdentity -> g.k:
# {"id":"sourceFile","fileName":"DeviceIdentity.java"}
    android.content.Context context -> a
      # {"id":"com.android.tools.r8.residualsignature","signature":"Ljava/lang/Object;"}
    com.jinli.ggsecure.SecureStore store -> b
      # {"id":"com.android.tools.r8.residualsignature","signature":"Ljava/lang/Object;"}
    1:8:java.lang.String certificateDigest():82:82 -> a
    9:14:java.lang.String certificateDigest():85:85 -> a
    15:24:java.lang.String certificateDigest():86:86 -> a
    25:41:java.lang.String certificateDigest():87:87 -> a
    42:51:java.lang.String certificateDigest():89:89 -> a
    52:55:java.lang.String certificateDigest():90:90 -> a
    56:58:java.lang.String certificateDigest():92:92 -> a
    59:80:java.lang.String certificateDigest():93:93 -> a
    81:88:java.lang.String certificateDigest():92:92 -> a
    2:5:void com.jinli.ggsecure.SecureStore.clearAuthorization():57:57 -> b
    6:10:void com.jinli.ggsecure.SecureStore.clearAuthorization():58:58 -> b
    11:18:void com.jinli.ggsecure.SecureStore.clearAuthorization():60:60 -> b
    19:32:void com.jinli.ggsecure.SecureStore.clearAuthorization():61:61 -> b
    33:36:void com.jinli.ggsecure.SecureStore.clearAuthorization():62:62 -> b
    37:51:void com.jinli.ggsecure.SecureStore.clearAuthorization():64:64 -> b
    52:55:void com.jinli.ggsecure.SecureStore.clearAuthorization():66:66 -> b
    2:13:void copyInteger(byte[],byte[],int,int):185:185 -> c
com.jinli.ggsecure.DeviceIdentity$Risk -> g.j:
# {"id":"sourceFile","fileName":"DeviceIdentity.java"}
    java.lang.String flags -> a
      # {"id":"com.android.tools.r8.residualsignature","signature":"Ljava/lang/Object;"}
    1:1:void g.DeviceIdentity$Risk.<init>(java.lang.Object):0:0 -> <init>
      # {"id":"com.android.tools.r8.synthesized"}
    1:9:java.lang.String[] androidx.webkit.internal.WebViewProviderFactoryAdapter.getWebViewFeatures():99:99 -> a
    1:4:org.chromium.support_lib_boundary.WebViewProviderBoundaryInterface androidx.webkit.internal.WebViewProviderFactoryAdapter.createWebView(android.webkit.WebView):71:71 -> createWebView
    5:8:org.chromium.support_lib_boundary.WebViewProviderBoundaryInterface androidx.webkit.internal.WebViewProviderFactoryAdapter.createWebView(android.webkit.WebView):72:72 -> createWebView
    9:17:org.chromium.support_lib_boundary.WebViewProviderBoundaryInterface androidx.webkit.internal.WebViewProviderFactoryAdapter.createWebView(android.webkit.WebView):71:71 -> createWebView
    1:4:org.chromium.support_lib_boundary.StaticsBoundaryInterface androidx.webkit.internal.WebViewProviderFactoryAdapter.getStatics():92:92 -> getStatics
    5:8:org.chromium.support_lib_boundary.StaticsBoundaryInterface androidx.webkit.internal.WebViewProviderFactoryAdapter.getStatics():93:93 -> getStatics
...
androidx.webkit.internal.WebViewFeatureInternal$1 -> g.f0:
# {"id":"sourceFile","fileName":"WebViewFeatureInternal.java"}
    java.util.regex.Pattern mVersionPattern -> d
    1:5:void androidx.webkit.internal.ApiFeature$T.<init>(java.lang.String,java.lang.String):237:237 -> <init>
    1:5:void <init>(java.lang.String,java.lang.String):447 -> <init>
      # {"id":"com.android.tools.r8.residualsignature","signature":"()V"}
    6:14:void <init>(java.lang.String,java.lang.String):448:448 -> <init>
    1:10:boolean androidx.webkit.internal.ApiFeature$T.isSupportedByFramework():242:242 -> a
    1:6:boolean isSupportedByWebView():452:452 -> b
    7:13:boolean isSupportedByWebView():453:453 -> b
    14:19:boolean isSupportedByWebView():459:459 -> b
    20:24:android.content.pm.PackageInfo androidx.webkit.internal.ApiHelperForO.getCurrentWebViewPackage():73:73 -> b
    20:24:android.content.pm.PackageInfo androidx.webkit.WebViewCompat.getCurrentLoadedWebViewPackage():436 -> b
    20:24:boolean isSupportedByWebView():459 -> b
    25:33:android.content.pm.PackageInfo androidx.webkit.WebViewCompat.getCurrentLoadedWebViewPackage():439:439 -> b
    25:33:boolean isSupportedByWebView():459 -> b
    34:41:boolean isSupportedByWebView():461:461 -> b
    42:53:boolean isSupportedByWebView():462:462 -> b
    54:57:boolean isSupportedByWebView():463:463 -> b
    58:73:boolean isSupportedByWebView():462:462 -> b
androidx.webkit.internal.WebViewFeatureInternal$2 -> g.g0:
# {"id":"sourceFile","fileName":"WebViewFeatureInternal.java"}
    int g.WebViewFeatureInternal$2.$r8$classId -> e
      # {"id":"com.android.tools.r8.synthesized"}
    1:1:void g.WebViewFeatureInternal$2.<init>(java.lang.String,java.lang.String,int):0:0 -> <init>
      # {"id":"com.android.tools.r8.synthesized"}
    7:15:boolean androidx.webkit.internal.WebViewFeatureInternal$4.isSupportedByWebView():730:730 -> b
    16:20:boolean androidx.webkit.internal.WebViewFeatureInternal$4.isSupportedByWebView():733:733 -> b
    21:27:boolean androidx.webkit.internal.WebViewFeatureInternal$3.isSupportedByWebView():615:615 -> b
    28:35:boolean androidx.webkit.internal.WebViewFeatureInternal$3.isSupportedByWebView():618:618 -> b
    36:37:boolean androidx.webkit.internal.WebViewFeatureInternal$3.isSupportedByWebView():619:619 -> b
    38:39:boolean androidx.webkit.WebViewCompat.isMultiProcessEnabled():1321:1321 -> b
    38:39:boolean androidx.webkit.internal.WebViewFeatureInternal$3.isSupportedByWebView():619 -> b
    40:45:boolean androidx.webkit.WebViewCompat.isMultiProcessEnabled():1322:1322 -> b
    40:45:boolean androidx.webkit.internal.WebViewFeatureInternal$3.isSupportedByWebView():619 -> b
    46:47:androidx.webkit.internal.WebViewProviderFactory androidx.webkit.internal.WebViewGlueCommunicator.getFactory():43:43 -> b