v2/android/client/build/outputs/mapping/release/usage.txt
com.jinli.ggsecure.DeviceIdentity:
    private static final java.lang.String SIGNING_ALIAS
com.jinli.ggsecure.MainActivity:
    private static final long BACKGROUND_RELOAD_MS
    private static final int FILE_CHOOSER_REQUEST
com.jinli.ggsecure.R$drawable
com.jinli.ggsecure.R$mipmap
com.jinli.ggsecure.R
com.jinli.ggsecure.ResilientApiTransport:
    private static final int CONNECT_TIMEOUT_MS
    private static final int READ_TIMEOUT_MS
    private void <init>()
com.jinli.ggsecure.RuntimeKeyManager:
    private static final java.lang.String ALIAS
com.jinli.ggsecure.RuntimeNames:
    private void <init>()
com.jinli.ggsecure.RuntimeTransport:
    private static final int CONNECT_TIMEOUT_MS
    private static final int READ_TIMEOUT_MS
    private void <init>()
com.jinli.ggsecure.SecureStore:
    private static final byte FORMAT_VERSION
    private static final java.lang.String PREFS
    private static final java.lang.String PREF_BLOB
    private static final java.lang.String STATE_ALIAS
com.jinli.ggsecure.V2LicenseManager:
    private static final int MAX_BUNDLE_BYTES
    private static final int MAX_JSON_BYTES
    private static final int PROTOCOL_APP_VERSION
    private static final java.lang.String RELEASE_PUBLIC_KEY_DER_BASE64
com.jinli.ggsecure.DeviceIdentity$Risk:
    public final int score
com.jinli.ggsecure.DeviceIdentity:
    public static java.lang.String deviceLabel()
    public static java.lang.String keyFingerprint()
    public static java.security.KeyStore keyStore()
    public static int lengthBytes(byte)
    public static java.lang.String publicKeyBase64()
com.jinli.ggsecure.MainActivity$$InternalSyntheticLambda$8$9e81595977acb76e9432ad1c57f7a417509ae418fa1511553fac999999005d80$0:
    public static void onResult()
com.jinli.ggsecure.MainActivity:
    public static final java.lang.String START_URL
com.jinli.ggsecure.ResilientApiTransport:
    public static final java.lang.String CUSTOM_HOST
    public static final java.lang.String WORKER_HOST
com.jinli.ggsecure.RuntimeKeyManager:
    public static java.lang.String fingerprint()
    public static java.security.KeyStore keyStore()
    public static java.lang.String publicKeyBase64()
    public static byte[] unwrapKey()
com.jinli.ggsecure.RuntimeNames
com.jinli.ggsecure.RuntimePayload:
    public final void ensureAlive()
    public final synchronized int gameSize()
    public final synchronized java.lang.String nonameSource()
    public final synchronized java.io.InputStream openGameStream()
com.jinli.ggsecure.RuntimeTransport$$InternalSyntheticBackport$3$2ad352b8ed916118ef0ec687bcd2baf97ba10c2709f0c212ef3b0ea45a4ab10b$0
com.jinli.ggsecure.RuntimeTransport$Response:
    public final java.lang.String bodyText()
com.jinli.ggsecure.SecureStore:
    public final byte[] aad()
com.jinli.ggsecure.V2LicenseManager$ApiException:
    public final int status
com.jinli.ggsecure.V2LicenseManager$RuntimeResult:
    public final long expiresAt
    public final boolean permanent
com.jinli.ggsecure.V2LicenseManager$SimpleCallback
com.jinli.ggsecure.V2LicenseManager$SimpleResult:
    public static com.jinli.ggsecure.V2LicenseManager$SimpleResult failure(java.lang.String)
com.jinli.ggsecure.V2LicenseManager:
    public static void activateAsync()
    public static void clear()
    public final void deliver(com.jinli.ggsecure.MainActivity$$InternalSyntheticLambda$8$9e81595977acb76e9432ad1c57f7a417509ae418fa1511553fac999999005d80$0,com.jinli.ggsecure.V2LicenseManager$SimpleResult)
    public static java.lang.String getStatusSummary()
    public static boolean hasSavedKey()
    public static void initializeSavedAsync()
    public static void selfUnbindAsync()
    public static void shutdown()
...
androidx.versionedparcelable.ParcelImpl:
    public void <init>(androidx.versionedparcelable.VersionedParcelable)
    public androidx.versionedparcelable.VersionedParcelable getVersionedParcel()
androidx.versionedparcelable.ParcelUtils
androidx.versionedparcelable.R
androidx.versionedparcelable.VersionedParcel$1
androidx.versionedparcelable.VersionedParcel$ParcelException
androidx.versionedparcelable.VersionedParcel:
    private static final int EX_BAD_PARCELABLE
    private static final int EX_ILLEGAL_ARGUMENT
    private static final int EX_ILLEGAL_STATE
    private static final int EX_NETWORK_MAIN_THREAD
    private static final int EX_NULL_POINTER
    private static final int EX_PARCELABLE
    private static final int EX_SECURITY
    private static final int EX_UNSUPPORTED_OPERATION
    private static final java.lang.String TAG
    private static final int TYPE_BINDER
    private static final int TYPE_FLOAT
    private static final int TYPE_INTEGER
    private static final int TYPE_PARCELABLE
    private static final int TYPE_SERIALIZABLE
    private static final int TYPE_STRING
    private static final int TYPE_VERSIONED_PARCELABLE
    private java.lang.Exception createException(int,java.lang.String)
    protected static java.lang.Throwable getRootCause(java.lang.Throwable)
    private int getType(java.lang.Object)
    protected java.lang.Object[] readArray(java.lang.Object[])
    public java.lang.Object[] readArray(java.lang.Object[],int)
    protected boolean[] readBooleanArray()
    public boolean[] readBooleanArray(boolean[],int)
    protected abstract android.os.Bundle readBundle()
    public android.os.Bundle readBundle(android.os.Bundle,int)
    public byte readByte(byte,int)
    public char[] readCharArray(char[],int)
    private java.util.Collection readCollection(java.util.Collection)
    protected abstract double readDouble()
androidx.versionedparcelable.VersionedParcelParcel:
    private static final boolean DEBUG
    private static final java.lang.String TAG
    public android.os.Bundle readBundle()
    public double readDouble()
    public float readFloat()
    public long readLong()
    public android.os.IBinder readStrongBinder()
    public void writeBundle(android.os.Bundle)
    public void writeByteArray(byte[],int,int)
    public void writeDouble(double)
    public void writeFloat(float)
    public void writeLong(long)
    public void writeStrongBinder(android.os.IBinder)
    public void writeStrongInterface(android.os.IInterface)
androidx.versionedparcelable.VersionedParcelStream$1
androidx.versionedparcelable.VersionedParcelStream$FieldBuffer
androidx.versionedparcelable.VersionedParcelStream
androidx.versionedparcelable.VersionedParcelize
androidx.webkit.BackForwardCacheSettings
androidx.webkit.CookieManagerCompat
androidx.webkit.CustomHeader
androidx.webkit.DropDataContentProvider
androidx.webkit.JavaScriptExecutionException$ErrorType
androidx.webkit.JavaScriptExecutionException
androidx.webkit.JavaScriptExecutionWorld
androidx.webkit.JavaScriptReplyProxy
androidx.webkit.Navigation
androidx.webkit.NavigationListener
androidx.webkit.NoVarySearchHeader
androidx.webkit.OutcomeReceiverCompat
androidx.webkit.Page
androidx.webkit.PrefetchCache
androidx.webkit.PrefetchException
androidx.webkit.PrefetchNetworkException
androidx.webkit.PrerenderException
androidx.webkit.PrerenderOperationCallback
androidx.webkit.ProcessGlobalConfig$UiThreadStartupMode
androidx.webkit.ProcessGlobalConfig
androidx.webkit.Profile$ExperimentalAddQuicHints
androidx.webkit.Profile$ExperimentalOriginMatchedHeader
androidx.webkit.Profile$ExperimentalPreconnect
androidx.webkit.Profile$ExperimentalUrlPrefetch
androidx.webkit.Profile$ExperimentalWarmUpRendererProcess
androidx.webkit.Profile
androidx.webkit.ProfileStore
androidx.webkit.ProxyConfig$Builder
androidx.webkit.ProxyConfig$ProxyRule
androidx.webkit.ProxyConfig$ProxyScheme
androidx.webkit.ProxyConfig
androidx.webkit.ProxyController$LAZY_HOLDER
androidx.webkit.ProxyController